<?xml version="1.0" encoding="UTF-8"?>
<!-- Generated by org.testng.reporters.JUnitXMLReporter -->
<testsuite ignored="0" hostname="FFE-Pradeep-Kumar-P" failures="0" tests="2" name="Android_Tests_Parallel" time="53.644" errors="0" timestamp="2025-10-10T14:09:13 IST">
  <testcase classname="com.scripts.resource.ANDROID_2_GeneralStore_Script" name="androidMainSteps" time="32.555"/>
  <testcase classname="com.scripts.resource.Android_1_Mobile_Browser" name="run" time="49.968"/>
</testsuite> <!-- Android_Tests_Parallel -->
