<?xml version="1.0" encoding="UTF-8"?>
<!-- Generated by org.testng.reporters.JUnitXMLReporter -->
<testsuite ignored="0" hostname="FFE-Pradeep-Kumar-P" failures="1" tests="2" name="FireflinkCloudTest" time="136.595" errors="0" timestamp="2025-11-18T14:24:52 IST">
  <testcase classname="com.web.allbrowser.Web_5_PantaloonsHomepage_mac_Firefox" name="VerifyPantaloonsLandingPageMethod" time="27.86"/>
  <testcase classname="com.web.allbrowser.Web_5_PantaloonsHomepage_mac_Chrome" name="VerifyPantaloonsLandingPageMethod" time="72.748">
    <failure type="org.openqa.selenium.TimeoutException" message="Expected condition failed: waiting for visibility of Proxy element for: DefaultElementLocator &amp;apos;By.xpath: //div[@class=&amp;apos;nav-links&amp;apos;]//input[@placeholder=&amp;apos;Search&amp;apos;]&amp;apos; (tried for 20 second(s) with 500 milliseconds interval)">
      <![CDATA[org.openqa.selenium.TimeoutException: Expected condition failed: waiting for visibility of Proxy element for: DefaultElementLocator 'By.xpath: //div[@class='nav-links']//input[@placeholder='Search']' (tried for 20 second(s) with 500 milliseconds interval)
at org.openqa.selenium.support.ui.WebDriverWait.timeoutException(WebDriverWait.java:84)
at org.openqa.selenium.support.ui.FluentWait.until(FluentWait.java:228)
at com.scripts.basefolder.BaseObjectsCloud.getwaitUntilVisibilityOfElement(BaseObjectsCloud.java:133)
at com.scripts.basefolder.BaseMethodsCloud.Click(BaseMethodsCloud.java:110)
at com.web.allbrowser.Web_5_PantaloonsHomepage_mac_Chrome.SearchScenarios(Web_5_PantaloonsHomepage_mac_Chrome.java:107)
at com.web.allbrowser.Web_5_PantaloonsHomepage_mac_Chrome.VerifyPantaloonsLandingPageMethod(Web_5_PantaloonsHomepage_mac_Chrome.java:93)
at java.base/java.util.concurrent.Executors$RunnableAdapter.call(Executors.java:539)
at java.base/java.util.concurrent.FutureTask.run(FutureTask.java:264)
at java.base/java.util.concurrent.ThreadPoolExecutor.runWorker(ThreadPoolExecutor.java:1136)
at java.base/java.util.concurrent.ThreadPoolExecutor$Worker.run(ThreadPoolExecutor.java:635)
at java.base/java.lang.Thread.run(Thread.java:842)
Caused by: org.openqa.selenium.NoSuchElementException: For documentation on this error, please visit: https://www.selenium.dev/documentation/webdriver/troubleshooting/errors#no-such-element-exception
Build info: version: '4.21.0', revision: '79ed462ef4'
System info: os.name: 'Windows 11', os.arch: 'amd64', os.version: '10.0', java.version: '17.0.12'
Driver info: org.openqa.selenium.remote.RemoteWebDriver
Command: [F1AB041D-5F3D-4DBE-B7FF-32C43571C1F9, findElement {using=xpath, value=//div[@class='nav-links']//input[@placeholder='Search']}]
Capabilities {acceptInsecureCerts: false, browserName: Safari, browserVersion: 26.0.1, platformName: mac, safari:automaticInspection: false, safari:automaticProfiling: false, safari:diagnose: false, safari:experimentalWebSocketUrl: false, safari:platformBuildVersion: 25A362, safari:platformVersion: 26.0.1, safari:useSimulator: false, se:bidiEnabled: false, se:cdpEnabled: false, setWindowRect: true, strictFileInteractability: false, webkit:WebRTC: {DisableICECandidateFiltering: false, DisableInsecureMediaCapture: false}, webkit:alwaysAllowAutoplay: false}
Session ID: F1AB041D-5F3D-4DBE-B7FF-32C43571C1F9
at org.openqa.selenium.remote.ErrorCodec.decode(ErrorCodec.java:167)
at org.openqa.selenium.remote.codec.w3c.W3CHttpResponseCodec.decode(W3CHttpResponseCodec.java:138)
at org.openqa.selenium.remote.codec.w3c.W3CHttpResponseCodec.decode(W3CHttpResponseCodec.java:50)
at org.openqa.selenium.remote.HttpCommandExecutor.execute(HttpCommandExecutor.java:190)
at org.openqa.selenium.remote.TracedCommandExecutor.execute(TracedCommandExecutor.java:51)
at org.openqa.selenium.remote.RemoteWebDriver.execute(RemoteWebDriver.java:518)
at org.openqa.selenium.remote.ElementLocation$ElementFinder$2.findElement(ElementLocation.java:165)
at org.openqa.selenium.remote.ElementLocation.findElement(ElementLocation.java:59)
at org.openqa.selenium.remote.RemoteWebDriver.findElement(RemoteWebDriver.java:355)
at org.openqa.selenium.remote.RemoteWebDriver.findElement(RemoteWebDriver.java:349)
at org.openqa.selenium.support.pagefactory.DefaultElementLocator.findElement(DefaultElementLocator.java:68)
at org.openqa.selenium.support.pagefactory.internal.LocatingElementHandler.invoke(LocatingElementHandler.java:38)
at jdk.proxy2/jdk.proxy2.$Proxy14.isDisplayed(Unknown Source)
at org.openqa.selenium.support.ui.ExpectedConditions.elementIfVisible(ExpectedConditions.java:304)
at org.openqa.selenium.support.ui.ExpectedConditions$10.apply(ExpectedConditions.java:290)
at org.openqa.selenium.support.ui.ExpectedConditions$10.apply(ExpectedConditions.java:287)
at org.openqa.selenium.support.ui.FluentWait.until(FluentWait.java:203)
... 22 more
... Removed 18 stack frames]]>
    </failure>
  </testcase> <!-- VerifyPantaloonsLandingPageMethod -->
</testsuite> <!-- FireflinkCloudTest -->
