<?xml version="1.0" encoding="UTF-8"?>
<!-- Generated by org.testng.reporters.JUnitReportReporter -->
<testsuite hostname="FFE-Pradeep-Kumar-P" failures="0" tests="9" name="com.bulk.androidapp.ANDROID_2_GeneralStore_Script96" time="304.939" errors="0" timestamp="2025-09-25T07:31:03 IST" skipped="0">
  <testcase classname="com.bulk.androidapp.ANDROID_2_GeneralStore_Script96" name="androidMainSteps" time="34.922"/>
  <testcase classname="com.bulk.androidapp.ANDROID_2_GeneralStore_Script96" name="androidMainSteps" time="34.084"/>
  <testcase classname="com.bulk.androidapp.ANDROID_2_GeneralStore_Script96" name="androidMainSteps" time="33.633"/>
  <testcase classname="com.bulk.androidapp.ANDROID_2_GeneralStore_Script96" name="androidMainSteps" time="33.478"/>
  <testcase classname="com.bulk.androidapp.ANDROID_2_GeneralStore_Script96" name="androidMainSteps" time="33.600"/>
  <testcase classname="com.bulk.androidapp.ANDROID_2_GeneralStore_Script96" name="androidMainSteps" time="33.649"/>
  <testcase classname="com.bulk.androidapp.ANDROID_2_GeneralStore_Script96" name="androidMainSteps" time="33.587"/>
  <testcase classname="com.bulk.androidapp.ANDROID_2_GeneralStore_Script96" name="androidMainSteps" time="33.927"/>
  <testcase classname="com.bulk.androidapp.ANDROID_2_GeneralStore_Script96" name="androidMainSteps" time="34.059"/>
</testsuite> <!-- com.bulk.androidapp.ANDROID_2_GeneralStore_Script96 -->
