<?xml version="1.0" encoding="UTF-8"?>
<!-- Generated by org.testng.reporters.JUnitReportReporter -->
<testsuite hostname="FFE-Pradeep-Kumar-P" failures="0" tests="1" name="com.web.allbrowser.Web_5_PantaloonsHomepage_mac_Firefox" time="6.034" errors="0" timestamp="2025-11-19T10:56:50 IST" skipped="0">
  <testcase classname="com.web.allbrowser.Web_5_PantaloonsHomepage_mac_Firefox" name="VerifyPantaloonsLandingPageMethod" time="6.034"/>
</testsuite> <!-- com.web.allbrowser.Web_5_PantaloonsHomepage_mac_Firefox -->
