<?xml version="1.0" encoding="UTF-8"?>
<!-- Generated by org.testng.reporters.JUnitReportReporter -->
<testsuite hostname="FFE-Pradeep-Kumar-P" failures="0" tests="9" name="com.bulk.androidapp.ANDROID_2_GeneralStore_Script66" time="303.487" errors="0" timestamp="2025-09-25T07:31:03 IST" skipped="0">
  <testcase classname="com.bulk.androidapp.ANDROID_2_GeneralStore_Script66" name="androidMainSteps" time="33.553"/>
  <testcase classname="com.bulk.androidapp.ANDROID_2_GeneralStore_Script66" name="androidMainSteps" time="33.846"/>
  <testcase classname="com.bulk.androidapp.ANDROID_2_GeneralStore_Script66" name="androidMainSteps" time="33.501"/>
  <testcase classname="com.bulk.androidapp.ANDROID_2_GeneralStore_Script66" name="androidMainSteps" time="32.838"/>
  <testcase classname="com.bulk.androidapp.ANDROID_2_GeneralStore_Script66" name="androidMainSteps" time="33.481"/>
  <testcase classname="com.bulk.androidapp.ANDROID_2_GeneralStore_Script66" name="androidMainSteps" time="34.659"/>
  <testcase classname="com.bulk.androidapp.ANDROID_2_GeneralStore_Script66" name="androidMainSteps" time="34.241"/>
  <testcase classname="com.bulk.androidapp.ANDROID_2_GeneralStore_Script66" name="androidMainSteps" time="33.471"/>
  <testcase classname="com.bulk.androidapp.ANDROID_2_GeneralStore_Script66" name="androidMainSteps" time="33.897"/>
</testsuite> <!-- com.bulk.androidapp.ANDROID_2_GeneralStore_Script66 -->
