<?xml version="1.0" encoding="UTF-8"?>
<!-- Generated by org.testng.reporters.JUnitReportReporter -->
<testsuite hostname="FFE-Pradeep-Kumar-P" failures="0" tests="9" name="com.bulk.androidapp.ANDROID_2_GeneralStore_Script81" time="301.619" errors="0" timestamp="2025-09-25T07:31:03 IST" skipped="0">
  <testcase classname="com.bulk.androidapp.ANDROID_2_GeneralStore_Script81" name="androidMainSteps" time="33.858"/>
  <testcase classname="com.bulk.androidapp.ANDROID_2_GeneralStore_Script81" name="androidMainSteps" time="34.528"/>
  <testcase classname="com.bulk.androidapp.ANDROID_2_GeneralStore_Script81" name="androidMainSteps" time="33.114"/>
  <testcase classname="com.bulk.androidapp.ANDROID_2_GeneralStore_Script81" name="androidMainSteps" time="33.170"/>
  <testcase classname="com.bulk.androidapp.ANDROID_2_GeneralStore_Script81" name="androidMainSteps" time="33.031"/>
  <testcase classname="com.bulk.androidapp.ANDROID_2_GeneralStore_Script81" name="androidMainSteps" time="33.143"/>
  <testcase classname="com.bulk.androidapp.ANDROID_2_GeneralStore_Script81" name="androidMainSteps" time="33.238"/>
  <testcase classname="com.bulk.androidapp.ANDROID_2_GeneralStore_Script81" name="androidMainSteps" time="33.933"/>
  <testcase classname="com.bulk.androidapp.ANDROID_2_GeneralStore_Script81" name="androidMainSteps" time="33.604"/>
</testsuite> <!-- com.bulk.androidapp.ANDROID_2_GeneralStore_Script81 -->
