<?xml version="1.0" encoding="UTF-8"?>
<!-- Generated by org.testng.reporters.JUnitReportReporter -->
<testsuite hostname="FFE-Pradeep-Kumar-P" failures="0" tests="2" name="com.automation.P0andP1._05_Android_MobileBrowser_RealDevice" time="131.346" errors="0" timestamp="2025-11-18T15:31:44 IST" skipped="1">
  <testcase classname="com.automation.P0andP1._05_Android_MobileBrowser_RealDevice" name="run" time="71.166"/>
  <testcase classname="com.automation.P0andP1._05_Android_MobileBrowser_RealDevice" name="run" time="60.180">
    <skipped/>
  </testcase> <!-- run -->
</testsuite> <!-- com.automation.P0andP1._05_Android_MobileBrowser_RealDevice -->
