<?xml version="1.0" encoding="UTF-8"?>
<!-- Generated by org.testng.reporters.JUnitReportReporter -->
<testsuite hostname="FFE-Pradeep-Kumar-P" failures="0" tests="1" name="com.web.allbrowser.Web_5_PantaloonsHomepage_mac_safari" time="23.079" errors="0" timestamp="2025-11-18T14:03:34 IST" skipped="0">
  <testcase classname="com.web.allbrowser.Web_5_PantaloonsHomepage_mac_safari" name="VerifyPantaloonsLandingPageMethod" time="23.079"/>
</testsuite> <!-- com.web.allbrowser.Web_5_PantaloonsHomepage_mac_safari -->
